2025-03-13 17:25:12,221 [INFO    ] ======================================================================
2025-03-13 17:25:12,221 [INFO    ] Installing node dependencies...
2025-03-13 17:25:12,224 [INFO    ] Couldn't execute npm. Please ensure you have node.js and npm installed and in PATH.See https://nodejs.org/ for documentation
2025-03-13 17:25:12,224 [INFO    ] ======================================================================
2025-03-13 17:25:12,228 [INFO    ] Traceback (most recent call last):
  File "/Users/hardeep.digra/PycharmProjects/OAT_Dashboard_Checks/venv/lib/python3.9/site-packages/Browser/entry/__main__.py", line 481, in init
    _rfbrowser_init(skip_browsers, silent_mode, with_deps, browser)
  File "/Users/hardeep.digra/PycharmProjects/OAT_Dashboard_Checks/venv/lib/python3.9/site-packages/Browser/entry/__main__.py", line 246, in _rfbrowser_init
    _check_npm()
  File "/Users/hardeep.digra/PycharmProjects/OAT_Dashboard_Checks/venv/lib/python3.9/site-packages/Browser/entry/__main__.py", line 161, in _check_npm
    raise exception
  File "/Users/hardeep.digra/PycharmProjects/OAT_Dashboard_Checks/venv/lib/python3.9/site-packages/Browser/entry/__main__.py", line 149, in _check_npm
    subprocess.run(
  File "/Library/Developer/CommandLineTools/Library/Frameworks/Python3.framework/Versions/3.9/lib/python3.9/subprocess.py", line 505, in run
    with Popen(*popenargs, **kwargs) as process:
  File "/Library/Developer/CommandLineTools/Library/Frameworks/Python3.framework/Versions/3.9/lib/python3.9/subprocess.py", line 951, in __init__
    self._execute_child(args, executable, preexec_fn, close_fds,
  File "/Library/Developer/CommandLineTools/Library/Frameworks/Python3.framework/Versions/3.9/lib/python3.9/subprocess.py", line 1821, in _execute_child
    raise child_exception_type(errno_num, err_msg, err_filename)
FileNotFoundError: [Errno 2] No such file or directory: 'npm'
2025-03-13 17:25:12,228 [INFO    ] ======================================================================
2025-03-13 17:25:12,228 [INFO    ] Used Python is: /Users/hardeep.digra/PycharmProjects/OAT_Dashboard_Checks/venv/bin/python
Version: 3.9.6
2025-03-13 17:25:12,228 [INFO    ] ======================================================================
2025-03-13 17:25:12,228 [INFO    ] pip freeze output:
2025-03-13 17:25:12,520 [INFO    ] attrs==25.1.0
certifi==2024.12.14
click==8.1.8
exceptiongroup==1.2.2
grpcio==1.70.0
grpcio-tools==1.70.0
h11==0.14.0
idna==3.10
natsort==8.4.0
outcome==1.3.0.post0
overrides==7.7.0
pillow==11.1.0
protobuf==5.29.3
PySocks==1.7.1
robotframework==7.2
robotframework-assertion-engine==3.0.3
robotframework-browser==19.3.1
robotframework-pythonlibcore==4.4.1
robotframework-selenium2library==3.0.0
robotframework-seleniumlibrary==6.7.0
seedir==0.5.0
selenium==4.28.1
sniffio==1.3.1
sortedcontainers==2.4.0
trio==0.28.0
trio-websocket==0.11.1
typing_extensions==4.12.2
urllib3==2.3.0
websocket-client==1.8.0
wrapt==1.17.2
wsproto==1.2.0
2025-03-13 17:25:12,520 [INFO    ] ======================================================================
2025-03-13 17:25:16,914 [INFO    ] ======================================================================
2025-03-13 17:25:16,914 [INFO    ] Installing node dependencies...
2025-03-13 17:25:16,917 [INFO    ] Couldn't execute npm. Please ensure you have node.js and npm installed and in PATH.See https://nodejs.org/ for documentation
2025-03-13 17:25:16,917 [INFO    ] ======================================================================
2025-03-13 17:25:16,920 [INFO    ] Traceback (most recent call last):
  File "/Users/hardeep.digra/PycharmProjects/OAT_Dashboard_Checks/venv/lib/python3.9/site-packages/Browser/entry/__main__.py", line 481, in init
    _rfbrowser_init(skip_browsers, silent_mode, with_deps, browser)
  File "/Users/hardeep.digra/PycharmProjects/OAT_Dashboard_Checks/venv/lib/python3.9/site-packages/Browser/entry/__main__.py", line 246, in _rfbrowser_init
    _check_npm()
  File "/Users/hardeep.digra/PycharmProjects/OAT_Dashboard_Checks/venv/lib/python3.9/site-packages/Browser/entry/__main__.py", line 161, in _check_npm
    raise exception
  File "/Users/hardeep.digra/PycharmProjects/OAT_Dashboard_Checks/venv/lib/python3.9/site-packages/Browser/entry/__main__.py", line 149, in _check_npm
    subprocess.run(
  File "/Library/Developer/CommandLineTools/Library/Frameworks/Python3.framework/Versions/3.9/lib/python3.9/subprocess.py", line 505, in run
    with Popen(*popenargs, **kwargs) as process:
  File "/Library/Developer/CommandLineTools/Library/Frameworks/Python3.framework/Versions/3.9/lib/python3.9/subprocess.py", line 951, in __init__
    self._execute_child(args, executable, preexec_fn, close_fds,
  File "/Library/Developer/CommandLineTools/Library/Frameworks/Python3.framework/Versions/3.9/lib/python3.9/subprocess.py", line 1821, in _execute_child
    raise child_exception_type(errno_num, err_msg, err_filename)
FileNotFoundError: [Errno 2] No such file or directory: 'npm'
2025-03-13 17:25:16,921 [INFO    ] ======================================================================
2025-03-13 17:25:16,921 [INFO    ] Used Python is: /Users/hardeep.digra/PycharmProjects/OAT_Dashboard_Checks/venv/bin/python
Version: 3.9.6
2025-03-13 17:25:16,921 [INFO    ] ======================================================================
2025-03-13 17:25:16,921 [INFO    ] pip freeze output:
2025-03-13 17:25:17,213 [INFO    ] attrs==25.1.0
certifi==2024.12.14
click==8.1.8
exceptiongroup==1.2.2
grpcio==1.70.0
grpcio-tools==1.70.0
h11==0.14.0
idna==3.10
natsort==8.4.0
outcome==1.3.0.post0
overrides==7.7.0
pillow==11.1.0
protobuf==5.29.3
PySocks==1.7.1
robotframework==7.2
robotframework-assertion-engine==3.0.3
robotframework-browser==19.3.1
robotframework-pythonlibcore==4.4.1
robotframework-selenium2library==3.0.0
robotframework-seleniumlibrary==6.7.0
seedir==0.5.0
selenium==4.28.1
sniffio==1.3.1
sortedcontainers==2.4.0
trio==0.28.0
trio-websocket==0.11.1
typing_extensions==4.12.2
urllib3==2.3.0
websocket-client==1.8.0
wrapt==1.17.2
wsproto==1.2.0
2025-03-13 17:25:17,214 [INFO    ] ======================================================================
2025-03-13 17:29:39,479 [INFO    ] ======================================================================
2025-03-13 17:29:39,480 [INFO    ] Installing node dependencies...
2025-03-13 17:29:39,483 [INFO    ] Couldn't execute npm. Please ensure you have node.js and npm installed and in PATH.See https://nodejs.org/ for documentation
2025-03-13 17:29:39,483 [INFO    ] ======================================================================
2025-03-13 17:29:39,487 [INFO    ] Traceback (most recent call last):
  File "/Users/hardeep.digra/PycharmProjects/OAT_Dashboard_Checks/venv/lib/python3.9/site-packages/Browser/entry/__main__.py", line 481, in init
    _rfbrowser_init(skip_browsers, silent_mode, with_deps, browser)
  File "/Users/hardeep.digra/PycharmProjects/OAT_Dashboard_Checks/venv/lib/python3.9/site-packages/Browser/entry/__main__.py", line 246, in _rfbrowser_init
    _check_npm()
  File "/Users/hardeep.digra/PycharmProjects/OAT_Dashboard_Checks/venv/lib/python3.9/site-packages/Browser/entry/__main__.py", line 161, in _check_npm
    raise exception
  File "/Users/hardeep.digra/PycharmProjects/OAT_Dashboard_Checks/venv/lib/python3.9/site-packages/Browser/entry/__main__.py", line 149, in _check_npm
    subprocess.run(
  File "/Library/Developer/CommandLineTools/Library/Frameworks/Python3.framework/Versions/3.9/lib/python3.9/subprocess.py", line 505, in run
    with Popen(*popenargs, **kwargs) as process:
  File "/Library/Developer/CommandLineTools/Library/Frameworks/Python3.framework/Versions/3.9/lib/python3.9/subprocess.py", line 951, in __init__
    self._execute_child(args, executable, preexec_fn, close_fds,
  File "/Library/Developer/CommandLineTools/Library/Frameworks/Python3.framework/Versions/3.9/lib/python3.9/subprocess.py", line 1821, in _execute_child
    raise child_exception_type(errno_num, err_msg, err_filename)
FileNotFoundError: [Errno 2] No such file or directory: 'npm'
2025-03-13 17:29:39,487 [INFO    ] ======================================================================
2025-03-13 17:29:39,487 [INFO    ] Used Python is: /Users/hardeep.digra/PycharmProjects/OAT_Dashboard_Checks/venv/bin/python
Version: 3.9.6
2025-03-13 17:29:39,487 [INFO    ] ======================================================================
2025-03-13 17:29:39,487 [INFO    ] pip freeze output:
2025-03-13 17:29:39,829 [INFO    ] attrs==25.1.0
certifi==2024.12.14
click==8.1.8
exceptiongroup==1.2.2
grpcio==1.70.0
grpcio-tools==1.70.0
h11==0.14.0
idna==3.10
natsort==8.4.0
outcome==1.3.0.post0
overrides==7.7.0
pillow==11.1.0
protobuf==5.29.3
PySocks==1.7.1
robotframework==7.2
robotframework-assertion-engine==3.0.3
robotframework-browser==19.3.1
robotframework-pythonlibcore==4.4.1
robotframework-selenium2library==3.0.0
robotframework-seleniumlibrary==6.7.0
seedir==0.5.0
selenium==4.28.1
sniffio==1.3.1
sortedcontainers==2.4.0
trio==0.28.0
trio-websocket==0.11.1
typing_extensions==4.12.2
urllib3==2.3.0
websocket-client==1.8.0
wrapt==1.17.2
wsproto==1.2.0
2025-03-13 17:29:39,829 [INFO    ] ======================================================================
